{"message":"[main.validCmdParams] output-directory is not specified, using repository path: .","message_severity":"info","source":"docFX-migration-tool","log_item_type":"System","date_time":"2019-05-30T09:01:58.365Z","code":"migration-tool-info","file":""}
{"message":"[migrate.main] migrating repository: .","message_severity":"info","source":"docFX-migration-tool","log_item_type":"System","date_time":"2019-05-30T09:01:58.366Z","code":"migration-tool-info","file":""}
{"message":"[ops-redirection-provider.getOPRedirections]: no redirection file found","message_severity":"info","source":"docFX-migration-tool","log_item_type":"System","date_time":"2019-05-30T09:01:58.369Z","code":"migration-tool-info","file":""}
{"message":"[ops-publish-config-provider.getLocalOPPublishConfig] loading local `.openpublishing.publish.config.json`","message_severity":"info","source":"docFX-migration-tool","log_item_type":"System","date_time":"2019-05-30T09:01:58.375Z","code":"migration-tool-info","file":""}
{"message":"Json syntax is incorrect, please lint the json file(https://jsonlint.com/)","message_severity":"error","source":"docFX-migration-tool","log_item_type":"System","date_time":"2019-05-30T09:01:58.378Z","code":"invalid-json-syntax","file":".openpublishing.publish.config.json"}
{"message":"[migrate.main] fail to load configs, error: TypeError: Cannot read property 'replace' of undefined","message_severity":"error","source":"docFX-migration-tool","log_item_type":"System","date_time":"2019-05-30T09:01:58.379Z","code":"migration-tool-error","file":""}
{"message":"[migrate.entry] Error: migration failed","message_severity":"error","source":"docFX-migration-tool","log_item_type":"System","date_time":"2019-05-30T09:01:58.380Z","code":"migration-tool-error","file":""}
{"message":"[main.validCmdParams] output-directory is not specified, using repository path: .","message_severity":"info","source":"docFX-migration-tool","log_item_type":"System","date_time":"2019-05-30T09:03:38.432Z","code":"migration-tool-info","file":""}
{"message":"[migrate.main] migrating repository: .","message_severity":"info","source":"docFX-migration-tool","log_item_type":"System","date_time":"2019-05-30T09:03:38.446Z","code":"migration-tool-info","file":""}
{"message":"[ops-redirection-provider.getOPRedirections]: no redirection file found","message_severity":"info","source":"docFX-migration-tool","log_item_type":"System","date_time":"2019-05-30T09:03:38.449Z","code":"migration-tool-info","file":""}
{"message":"[ops-publish-config-provider.getLocalOPPublishConfig] loading local `.openpublishing.publish.config.json`","message_severity":"info","source":"docFX-migration-tool","log_item_type":"System","date_time":"2019-05-30T09:03:38.455Z","code":"migration-tool-info","file":""}
{"message":"Json syntax is incorrect, please lint the json file(https://jsonlint.com/)","message_severity":"error","source":"docFX-migration-tool","log_item_type":"System","date_time":"2019-05-30T09:03:38.457Z","code":"invalid-json-syntax","file":".openpublishing.publish.config.json"}
{"message":"[migrate.main] fail to load configs, error: TypeError: Cannot read property 'replace' of undefined","message_severity":"error","source":"docFX-migration-tool","log_item_type":"System","date_time":"2019-05-30T09:03:38.458Z","code":"migration-tool-error","file":""}
{"message":"[migrate.entry] Error: migration failed","message_severity":"error","source":"docFX-migration-tool","log_item_type":"System","date_time":"2019-05-30T09:03:38.459Z","code":"migration-tool-error","file":""}
{"message":"[main.validCmdParams] output-directory is not specified, using repository path: .","message_severity":"info","source":"docFX-migration-tool","log_item_type":"System","date_time":"2019-05-30T09:09:13.570Z","code":"migration-tool-info","file":""}
{"message":"[migrate.main] migrating repository: .","message_severity":"info","source":"docFX-migration-tool","log_item_type":"System","date_time":"2019-05-30T09:09:13.571Z","code":"migration-tool-info","file":""}
{"message":"[ops-redirection-provider.getOPRedirections]: no redirection file found","message_severity":"info","source":"docFX-migration-tool","log_item_type":"System","date_time":"2019-05-30T09:09:13.574Z","code":"migration-tool-info","file":""}
{"message":"[ops-publish-config-provider.getLocalOPPublishConfig] loading local `.openpublishing.publish.config.json`","message_severity":"info","source":"docFX-migration-tool","log_item_type":"System","date_time":"2019-05-30T09:09:13.580Z","code":"migration-tool-info","file":""}
{"message":"Json syntax is incorrect, please lint the json file(https://jsonlint.com/)","message_severity":"error","source":"docFX-migration-tool","log_item_type":"System","date_time":"2019-05-30T09:09:13.583Z","code":"invalid-json-syntax","file":".openpublishing.publish.config.json"}
{"message":"[migrate.main] fail to load configs, error: TypeError: Cannot read property 'replace' of undefined","message_severity":"error","source":"docFX-migration-tool","log_item_type":"System","date_time":"2019-05-30T09:09:13.584Z","code":"migration-tool-error","file":""}
{"message":"[migrate.entry] Error: migration failed","message_severity":"error","source":"docFX-migration-tool","log_item_type":"System","date_time":"2019-05-30T09:09:13.585Z","code":"migration-tool-error","file":""}
{"message":"[main.validCmdParams] output-directory is not specified, using repository path: .","message_severity":"info","source":"docFX-migration-tool","log_item_type":"System","date_time":"2019-05-30T09:10:17.122Z","code":"migration-tool-info","file":""}
{"message":"[migrate.main] migrating repository: .","message_severity":"info","source":"docFX-migration-tool","log_item_type":"System","date_time":"2019-05-30T09:10:17.124Z","code":"migration-tool-info","file":""}
{"message":"[ops-redirection-provider.getOPRedirections]: no redirection file found","message_severity":"info","source":"docFX-migration-tool","log_item_type":"System","date_time":"2019-05-30T09:10:17.127Z","code":"migration-tool-info","file":""}
{"message":"[ops-publish-config-provider.getLocalOPPublishConfig] loading local `.openpublishing.publish.config.json`","message_severity":"info","source":"docFX-migration-tool","log_item_type":"System","date_time":"2019-05-30T09:10:17.132Z","code":"migration-tool-info","file":""}
{"message":"Json syntax is incorrect, please lint the json file(https://jsonlint.com/)","message_severity":"error","source":"docFX-migration-tool","log_item_type":"System","date_time":"2019-05-30T09:10:17.134Z","code":"invalid-json-syntax","file":".openpublishing.publish.config.json"}
{"message":"[migrate.main] fail to load configs, error: TypeError: Cannot read property 'replace' of undefined","message_severity":"error","source":"docFX-migration-tool","log_item_type":"System","date_time":"2019-05-30T09:10:17.134Z","code":"migration-tool-error","file":""}
{"message":"[migrate.entry] Error: migration failed","message_severity":"error","source":"docFX-migration-tool","log_item_type":"System","date_time":"2019-05-30T09:10:17.135Z","code":"migration-tool-error","file":""}
{"message":"[main.validCmdParams] output-directory is not specified, using repository path: .","message_severity":"info","source":"docFX-migration-tool","log_item_type":"System","date_time":"2019-05-30T09:13:57.513Z","code":"migration-tool-info","file":""}
{"message":"[migrate.main] migrating repository: .","message_severity":"info","source":"docFX-migration-tool","log_item_type":"System","date_time":"2019-05-30T09:13:57.515Z","code":"migration-tool-info","file":""}
{"message":"[ops-redirection-provider.getOPRedirections]: no redirection file found","message_severity":"info","source":"docFX-migration-tool","log_item_type":"System","date_time":"2019-05-30T09:13:57.519Z","code":"migration-tool-info","file":""}
{"message":"[ops-publish-config-provider.getLocalOPPublishConfig] loading local `.openpublishing.publish.config.json`","message_severity":"info","source":"docFX-migration-tool","log_item_type":"System","date_time":"2019-05-30T09:13:57.525Z","code":"migration-tool-info","file":""}
{"message":"Json syntax is incorrect, please lint the json file(https://jsonlint.com/)","message_severity":"error","source":"docFX-migration-tool","log_item_type":"System","date_time":"2019-05-30T09:13:57.528Z","code":"invalid-json-syntax","file":".openpublishing.publish.config.json"}
{"message":"[migrate.main] fail to load configs, error: TypeError: Cannot read property 'replace' of undefined","message_severity":"error","source":"docFX-migration-tool","log_item_type":"System","date_time":"2019-05-30T09:13:57.529Z","code":"migration-tool-error","file":""}
{"message":"[migrate.entry] Error: migration failed","message_severity":"error","source":"docFX-migration-tool","log_item_type":"System","date_time":"2019-05-30T09:13:57.529Z","code":"migration-tool-error","file":""}
{"message":"[main.validCmdParams] output-directory is not specified, using repository path: .","message_severity":"info","source":"docFX-migration-tool","log_item_type":"System","date_time":"2019-05-30T09:15:31.117Z","code":"migration-tool-info","file":""}
{"message":"[migrate.main] migrating repository: .","message_severity":"info","source":"docFX-migration-tool","log_item_type":"System","date_time":"2019-05-30T09:15:31.117Z","code":"migration-tool-info","file":""}
{"message":"[ops-redirection-provider.getOPRedirections]: no redirection file found","message_severity":"info","source":"docFX-migration-tool","log_item_type":"System","date_time":"2019-05-30T09:15:31.120Z","code":"migration-tool-info","file":""}
{"message":"[ops-publish-config-provider.getLocalOPPublishConfig] loading local `.openpublishing.publish.config.json`","message_severity":"info","source":"docFX-migration-tool","log_item_type":"System","date_time":"2019-05-30T09:15:31.125Z","code":"migration-tool-info","file":""}
{"message":"Json syntax is incorrect, please lint the json file(https://jsonlint.com/)","message_severity":"error","source":"docFX-migration-tool","log_item_type":"System","date_time":"2019-05-30T09:15:31.127Z","code":"invalid-json-syntax","file":".openpublishing.publish.config.json"}
{"message":"[migrate.main] fail to load configs, error: TypeError: Cannot read property 'replace' of undefined","message_severity":"error","source":"docFX-migration-tool","log_item_type":"System","date_time":"2019-05-30T09:15:31.128Z","code":"migration-tool-error","file":""}
{"message":"[migrate.entry] Error: migration failed","message_severity":"error","source":"docFX-migration-tool","log_item_type":"System","date_time":"2019-05-30T09:15:31.129Z","code":"migration-tool-error","file":""}
{"message":"[main.validCmdParams] output-directory is not specified, using repository path: .","message_severity":"info","source":"docFX-migration-tool","log_item_type":"System","date_time":"2019-05-30T10:54:16.825Z","code":"migration-tool-info","file":""}
{"message":"[migrate.main] migrating repository: .","message_severity":"info","source":"docFX-migration-tool","log_item_type":"System","date_time":"2019-05-30T10:54:16.826Z","code":"migration-tool-info","file":""}
{"message":"[ops-redirection-provider.getOPRedirections]: no redirection file found","message_severity":"info","source":"docFX-migration-tool","log_item_type":"System","date_time":"2019-05-30T10:54:16.830Z","code":"migration-tool-info","file":""}
{"message":"[ops-publish-config-provider.getLocalOPPublishConfig] loading local `.openpublishing.publish.config.json`","message_severity":"info","source":"docFX-migration-tool","log_item_type":"System","date_time":"2019-05-30T10:54:16.836Z","code":"migration-tool-info","file":""}
{"message":"Json syntax is incorrect, please lint the json file(https://jsonlint.com/)","message_severity":"error","source":"docFX-migration-tool","log_item_type":"System","date_time":"2019-05-30T10:54:16.839Z","code":"invalid-json-syntax","file":".openpublishing.publish.config.json"}
{"message":"[migrate.main] fail to load configs, error: TypeError: Cannot read property 'replace' of undefined","message_severity":"error","source":"docFX-migration-tool","log_item_type":"System","date_time":"2019-05-30T10:54:16.839Z","code":"migration-tool-error","file":""}
{"message":"[migrate.entry] Error: migration failed","message_severity":"error","source":"docFX-migration-tool","log_item_type":"System","date_time":"2019-05-30T10:54:16.840Z","code":"migration-tool-error","file":""}
